0 info it worked if it ends with ok
1 verbose cli [ 'node', '/usr/local/bin/npm', 'install', '-g', 'Haraka' ]
2 info using npm@2.11.3
3 info using node@v0.12.7
4 verbose install initial load of /usr/local/lib/package.json
5 verbose readDependencies loading dependencies from /usr/local/lib/package.json
6 silly cache add args [ 'Haraka', null ]
7 verbose cache add spec Haraka
8 silly cache add parsed spec { raw: 'Haraka',
8 silly cache add   scope: null,
8 silly cache add   name: 'Haraka',
8 silly cache add   rawSpec: '',
8 silly cache add   spec: '*',
8 silly cache add   type: 'range' }
9 silly addNamed Haraka@*
10 verbose addNamed "*" is a valid semver range for Haraka
11 silly addNameRange { name: 'Haraka', range: '*', hasData: false }
12 silly mapToRegistry name Haraka
13 silly mapToRegistry using default registry
14 silly mapToRegistry registry https://registry.npmjs.org/
15 silly mapToRegistry uri https://registry.npmjs.org/Haraka
16 verbose addNameRange registry:https://registry.npmjs.org/Haraka not in flight; fetching
17 verbose request uri https://registry.npmjs.org/Haraka
18 verbose request no auth needed
19 info attempt registry request try #1 at 10:08:36 AM
20 verbose request id 773bbf71afad039a
21 http request GET https://registry.npmjs.org/Haraka
22 http 200 https://registry.npmjs.org/Haraka
23 silly get cb [ 200,
23 silly get   { server: 'CouchDB/1.5.0 (Erlang OTP/R16B03)',
23 silly get     etag: '"IWIRGE9307NAF8W3RPCE07KQ"',
23 silly get     'content-type': 'application/json',
23 silly get     'cache-control': 'max-age=60',
23 silly get     'content-length': '80314',
23 silly get     'accept-ranges': 'bytes',
23 silly get     date: 'Mon, 14 Sep 2015 08:08:37 GMT',
23 silly get     via: '1.1 varnish',
23 silly get     age: '0',
23 silly get     connection: 'keep-alive',
23 silly get     'x-served-by': 'cache-lcy1124-LCY',
23 silly get     'x-cache': 'MISS',
23 silly get     'x-cache-hits': '0',
23 silly get     'x-timer': 'S1442218117.113531,VS0,VE92',
23 silly get     vary: 'Accept' } ]
24 verbose get saving Haraka to /Users/THANDZ/.npm/registry.npmjs.org/Haraka/.cache.json
25 silly addNameRange number 2 { name: 'Haraka', range: '*', hasData: true }
26 silly addNameRange versions [ 'Haraka',
26 silly addNameRange   [ '0.5.0',
26 silly addNameRange     '0.5.1',
26 silly addNameRange     '0.5.2',
26 silly addNameRange     '0.5.3',
26 silly addNameRange     '0.5.4',
26 silly addNameRange     '0.5.5',
26 silly addNameRange     '0.5.6',
26 silly addNameRange     '0.5.7',
26 silly addNameRange     '0.5.8',
26 silly addNameRange     '0.5.9',
26 silly addNameRange     '0.5.10',
26 silly addNameRange     '0.5.11',
26 silly addNameRange     '0.6.0',
26 silly addNameRange     '0.6.1',
26 silly addNameRange     '0.7.0',
26 silly addNameRange     '0.7.1',
26 silly addNameRange     '0.7.2',
26 silly addNameRange     '0.8.0',
26 silly addNameRange     '0.9.0',
26 silly addNameRange     '1.0.0',
26 silly addNameRange     '1.0.1',
26 silly addNameRange     '1.0.2',
26 silly addNameRange     '1.1.0',
26 silly addNameRange     '1.2.0',
26 silly addNameRange     '1.2.1',
26 silly addNameRange     '1.3.0',
26 silly addNameRange     '1.3.1',
26 silly addNameRange     '1.3.2',
26 silly addNameRange     '1.3.3',
26 silly addNameRange     '1.4.0',
26 silly addNameRange     '2.0.0',
26 silly addNameRange     '2.0.1',
26 silly addNameRange     '2.0.2',
26 silly addNameRange     '2.0.3',
26 silly addNameRange     '2.0.4',
26 silly addNameRange     '2.0.5',
26 silly addNameRange     '2.1.0',
26 silly addNameRange     '2.1.1',
26 silly addNameRange     '2.1.2',
26 silly addNameRange     '2.1.3',
26 silly addNameRange     '2.1.4',
26 silly addNameRange     '2.1.5',
26 silly addNameRange     '2.1.6',
26 silly addNameRange     '2.2.0',
26 silly addNameRange     '2.2.1',
26 silly addNameRange     '2.2.4',
26 silly addNameRange     '2.0.0-alpha',
26 silly addNameRange     '2.2.5',
26 silly addNameRange     '2.2.6',
26 silly addNameRange     '2.2.7',
26 silly addNameRange     '2.2.8',
26 silly addNameRange     '2.3.0',
26 silly addNameRange     '2.3.1',
26 silly addNameRange     '2.4.0',
26 silly addNameRange     '2.5.0-alpha',
26 silly addNameRange     '2.5.0-alpha2',
26 silly addNameRange     '2.5.0',
26 silly addNameRange     '2.6.0',
26 silly addNameRange     '2.6.1' ] ]
27 silly addNamed Haraka@2.6.1
28 verbose addNamed "2.6.1" is a plain semver version for Haraka
29 silly mapToRegistry name Haraka
30 silly mapToRegistry using default registry
31 silly mapToRegistry registry https://registry.npmjs.org/
32 silly mapToRegistry uri https://registry.npmjs.org/Haraka
33 verbose addRemoteTarball https://registry.npmjs.org/Haraka/-/Haraka-2.6.1.tgz not in flight; adding
34 verbose addRemoteTarball [ 'https://registry.npmjs.org/Haraka/-/Haraka-2.6.1.tgz',
34 verbose addRemoteTarball   '6565f6cf4b53152c2f9a95e7c2956087455d3789' ]
35 info retry fetch attempt 1 at 10:08:38 AM
36 info attempt registry request try #1 at 10:08:38 AM
37 http fetch GET https://registry.npmjs.org/Haraka/-/Haraka-2.6.1.tgz
38 http fetch 200 https://registry.npmjs.org/Haraka/-/Haraka-2.6.1.tgz
39 silly fetchAndShaCheck shasum 6565f6cf4b53152c2f9a95e7c2956087455d3789
40 verbose addTmpTarball /var/folders/cp/jxmh9xz93jz9w_j34zf8ttlh0000gn/T/npm-3201-d42f5270/registry.npmjs.org/Haraka/-/Haraka-2.6.1.tgz not in flight; adding
41 verbose addTmpTarball already have metadata; skipping unpack for Haraka@2.6.1
42 silly cache afterAdd Haraka@2.6.1
43 verbose afterAdd /Users/THANDZ/.npm/Haraka/2.6.1/package/package.json not in flight; writing
44 verbose afterAdd /Users/THANDZ/.npm/Haraka/2.6.1/package/package.json written
45 silly install resolved [ { author:
45 silly install resolved      { name: 'Matt Sergeant',
45 silly install resolved        email: 'helpme@gmail.com',
45 silly install resolved        url: 'http://baudehlo.com/' },
45 silly install resolved     name: 'Haraka',
45 silly install resolved     description: 'An SMTP Server project.',
45 silly install resolved     keywords: [ 'haraka', 'smtp', 'server', 'email' ],
45 silly install resolved     version: '2.6.1',
45 silly install resolved     homepage: 'http://haraka.github.io',
45 silly install resolved     repository: { type: 'git', url: 'git://github.com/baudehlo/Haraka.git' },
45 silly install resolved     main: 'haraka.js',
45 silly install resolved     engines: { node: '>= v0.8.0' },
45 silly install resolved     dependencies:
45 silly install resolved      { nopt: '~2.1.2',
45 silly install resolved        'generic-pool': '~2.0.2',
45 silly install resolved        iconv: '~2.1.0',
45 silly install resolved        'ipaddr.js': '~0.1.2',
45 silly install resolved        semver: '~2.2.1',
45 silly install resolved        async: '~0.2.9',
45 silly install resolved        daemon: '~1.1.0',
45 silly install resolved        npid: '~0.4.0',
45 silly install resolved        'address-rfc2822': '~0.0.2',
45 silly install resolved        'js-yaml': '~3.2.3',
45 silly install resolved        'node-syslog': '~1.1.7',
45 silly install resolved        'strong-fork-syslog': '~1.2.3',
45 silly install resolved        ldapjs: '~0.7.1',
45 silly install resolved        'vs-stun': '~0.0.7',
45 silly install resolved        maxmind: '*',
45 silly install resolved        redis: '~0.10.1',
45 silly install resolved        tmp: '~0.0.24' },
45 silly install resolved     optionalDependencies:
45 silly install resolved      { 'node-syslog': '~1.1.7',
45 silly install resolved        'strong-fork-syslog': '~1.2.3',
45 silly install resolved        ldapjs: '~0.7.1',
45 silly install resolved        'vs-stun': '~0.0.7',
45 silly install resolved        maxmind: '*',
45 silly install resolved        redis: '~0.10.1',
45 silly install resolved        tmp: '~0.0.24' },
45 silly install resolved     devDependencies:
45 silly install resolved      { nodeunit: 'https://github.com/godsflaw/nodeunit/archive/master.tar.gz',
45 silly install resolved        jscoverage: '*',
45 silly install resolved        coveralls: '*' },
45 silly install resolved     licenses: [ [Object] ],
45 silly install resolved     bugs: { url: 'https://github.com/baudehlo/Haraka/issues' },
45 silly install resolved     bin:
45 silly install resolved      { haraka: './bin/haraka',
45 silly install resolved        spf: './bin/spf',
45 silly install resolved        dkimverify: './bin/dkimverify',
45 silly install resolved        haraka_grep: './bin/haraka_grep' },
45 silly install resolved     scripts:
45 silly install resolved      { test: 'node run_tests',
45 silly install resolved        coveralls: 'jscoverage *.js && QUICKSORT_COV=1 ./node_modules/nodeunit/bin/nodeunit --reporter=lcov tests --reporter=lcov tests | coveralls',
45 silly install resolved        start: 'node server.js' },
45 silly install resolved     _id: 'Haraka@2.6.1',
45 silly install resolved     _shasum: '6565f6cf4b53152c2f9a95e7c2956087455d3789',
45 silly install resolved     _from: 'Haraka@*',
45 silly install resolved     _npmVersion: '1.4.9',
45 silly install resolved     _npmUser: { name: 'msergeant', email: 'helpme@gmail.com' },
45 silly install resolved     maintainers: [ [Object] ],
45 silly install resolved     dist:
45 silly install resolved      { shasum: '6565f6cf4b53152c2f9a95e7c2956087455d3789',
45 silly install resolved        tarball: 'http://registry.npmjs.org/Haraka/-/Haraka-2.6.1.tgz' },
45 silly install resolved     directories: {},
45 silly install resolved     _resolved: 'https://registry.npmjs.org/Haraka/-/Haraka-2.6.1.tgz' } ]
46 info install Haraka@2.6.1 into /usr/local/lib
47 info installOne Haraka@2.6.1
48 verbose installOne of Haraka to /usr/local/lib not in flight; installing
49 verbose lock using /Users/THANDZ/.npm/_locks/Haraka-4e588edef6a69b7e.lock for /usr/local/lib/node_modules/Haraka
50 silly install write writing Haraka 2.6.1 to /usr/local/lib/node_modules/Haraka
51 verbose unbuild lib/node_modules/Haraka
52 silly gentlyRm /usr/local/lib/node_modules/Haraka is being purged from base /usr/local
53 verbose gentlyRm don't care about contents; nuking /usr/local/lib/node_modules/Haraka
54 verbose tar unpack /Users/THANDZ/.npm/Haraka/2.6.1/package.tgz
55 verbose tar unpacking to /usr/local/lib/node_modules/Haraka
56 silly gentlyRm /usr/local/lib/node_modules/Haraka is being purged
57 verbose gentlyRm don't care about contents; nuking /usr/local/lib/node_modules/Haraka
58 silly gunzTarPerm modes [ '755', '644' ]
59 error tar.unpack untar error /Users/THANDZ/.npm/Haraka/2.6.1/package.tgz
60 verbose unlock done using /Users/THANDZ/.npm/_locks/Haraka-4e588edef6a69b7e.lock for /usr/local/lib/node_modules/Haraka
61 verbose fstream_path /usr/local/lib/node_modules/Haraka
62 verbose fstream_type Directory
63 verbose fstream_class DirWriter
64 verbose stack Error: EACCES, mkdir '/usr/local/lib/node_modules/Haraka'
64 verbose stack     at Error (native)
65 verbose fstream_stack /usr/local/lib/node_modules/npm/node_modules/fstream/lib/dir-writer.js:35:25
65 verbose fstream_stack /usr/local/lib/node_modules/npm/node_modules/mkdirp/index.js:47:53
65 verbose fstream_stack FSReqWrap.oncomplete (fs.js:95:15)
66 verbose cwd /Users/THANDZ/Documents/MPHETamines/ionic
67 error Darwin 14.5.0
68 error argv "node" "/usr/local/bin/npm" "install" "-g" "Haraka"
69 error node v0.12.7
70 error npm  v2.11.3
71 error path /usr/local/lib/node_modules/Haraka
72 error code EACCES
73 error errno -13
74 error Error: EACCES, mkdir '/usr/local/lib/node_modules/Haraka'
74 error     at Error (native)
74 error  { [Error: EACCES, mkdir '/usr/local/lib/node_modules/Haraka']
74 error   errno: -13,
74 error   code: 'EACCES',
74 error   path: '/usr/local/lib/node_modules/Haraka',
74 error   fstream_type: 'Directory',
74 error   fstream_path: '/usr/local/lib/node_modules/Haraka',
74 error   fstream_class: 'DirWriter',
74 error   fstream_stack:
74 error    [ '/usr/local/lib/node_modules/npm/node_modules/fstream/lib/dir-writer.js:35:25',
74 error      '/usr/local/lib/node_modules/npm/node_modules/mkdirp/index.js:47:53',
74 error      'FSReqWrap.oncomplete (fs.js:95:15)' ] }
75 error Please try running this command again as root/Administrator.
76 verbose exit [ -13, true ]
77 verbose unbuild lib/node_modules/Haraka
78 silly gentlyRm /usr/local/lib/node_modules/Haraka is being purged from base /usr/local
79 verbose gentlyRm don't care about contents; nuking /usr/local/lib/node_modules/Haraka
